生成启动时间为 2014/5/23 13:49:17。
     1>项目“E:\学习资料\《数据结构》的全部代码实现（C语言）\MyDataStructure\MyDataStructure\MyDataStructure.vcxproj”在节点 2 上(build 个目标)。
     1>InitializeBuildStatus:
         正在创建“Debug\MyDataStructure.unsuccessfulbuild”，因为已指定“AlwaysCreate”。
       ClCompile:
         所有输出均为最新。
         d:\Program Files (x86)\Microsoft Visual Studio 10.0\VC\bin\CL.exe /c /ZI /nologo /W3 /WX- /Od /Oy- /D WIN32 /D _DEBUG /D _CONSOLE /D _UNICODE /D UNICODE /Gm /EHsc /RTC1 /MDd /GS /fp:precise /Zc:wchar_t /Zc:forScope /Fo"Debug\\" /Fd"Debug\vc100.pdb" /Gd /TP /analyze- /errorReport:prompt MyDataStructure.cpp
         MyDataStructure.cpp
       ManifestResourceCompile:
         所有输出均为最新。
       Link:
         d:\Program Files (x86)\Microsoft Visual Studio 10.0\VC\bin\link.exe /ERRORREPORT:PROMPT /OUT:"E:\学习资料\《数据结构》的全部代码实现（C语言）\MyDataStructure\Debug\MyDataStructure.exe" /INCREMENTAL /NOLOGO cuda.lib cudart_static.lib kernel32.lib user32.lib gdi32.lib winspool.lib comdlg32.lib advapi32.lib shell32.lib ole32.lib oleaut32.lib uuid.lib odbc32.lib odbccp32.lib opencv_calib3d249d.lib opencv_contrib249d.lib opencv_core249d.lib opencv_features2d249d.lib opencv_flann249d.lib opencv_gpu249d.lib opencv_highgui249d.lib opencv_imgproc249d.lib opencv_legacy249d.lib opencv_ml249d.lib opencv_nonfree249d.lib opencv_objdetect249d.lib opencv_photo249d.lib opencv_stitching249d.lib opencv_ts249d.lib opencv_video249d.lib opencv_videostab249d.lib kernel32.lib user32.lib gdi32.lib winspool.lib comdlg32.lib advapi32.lib shell32.lib ole32.lib oleaut32.lib uuid.lib odbc32.lib odbccp32.lib /MANIFEST /ManifestFile:"Debug\MyDataStructure.exe.intermediate.manifest" /MANIFESTUAC:"level='asInvoker' uiAccess='false'" /DEBUG /PDB:"E:\学习资料\《数据结构》的全部代码实现（C语言）\MyDataStructure\Debug\MyDataStructure.pdb" /SUBSYSTEM:CONSOLE /TLBID:1 /DYNAMICBASE /NXCOMPAT /IMPLIB:"E:\学习资料\《数据结构》的全部代码实现（C语言）\MyDataStructure\Debug\MyDataStructure.lib" /MACHINE:X86 Debug\MyDataStructure.exe.embed.manifest.res
         Debug\MyDataStructure.obj
         Debug\stdafx.obj
       Manifest:
         C:\Program Files (x86)\Microsoft SDKs\Windows\v7.0A\bin\mt.exe /nologo /verbose /out:"Debug\MyDataStructure.exe.embed.manifest" /manifest Debug\MyDataStructure.exe.intermediate.manifest
         所有输出均为最新。
       LinkEmbedManifest:
         所有输出均为最新。
         MyDataStructure.vcxproj -> E:\学习资料\《数据结构》的全部代码实现（C语言）\MyDataStructure\Debug\MyDataStructure.exe
       FinalizeBuildStatus:
         正在删除文件“Debug\MyDataStructure.unsuccessfulbuild”。
         正在对“Debug\MyDataStructure.lastbuildstate”执行 Touch 任务。
     1>已完成生成项目“E:\学习资料\《数据结构》的全部代码实现（C语言）\MyDataStructure\MyDataStructure\MyDataStructure.vcxproj”(build 个目标)的操作。

生成成功。

已用时间 00:00:00.69
